Build started 4/1/2015 8:49:29 PM.
     1>Project "G:\Util\setup\win\UtilSetup\UtilSetup\UtilSetup.vcxproj" on node 2 (build target(s)).
     1>InitializeBuildStatus:
         Touching "Release\UtilSetup.unsuccessfulbuild".
       ClCompile:
         C:\Program Files (x86)\Microsoft Visual Studio 10.0\VC\bin\CL.exe /c /IG:\Util\src /Zi /nologo /W3 /WX- /O2 /Oi /Oy- /GL /D WIN32 /D NDEBUG /D _CONSOLE /D _UNICODE /D UNICODE /Gm- /EHsc /MD /GS /Gy /fp:precise /Zc:wchar_t /Zc:forScope /Fo"Release\\" /Fd"Release\vc100.pdb" /Gd /TP /analyze- /errorReport:prompt ..\..\..\..\src\platform\win32\NetWorkWin.cpp
         NetWorkWin.cpp
       Link:
         C:\Program Files (x86)\Microsoft Visual Studio 10.0\VC\bin\link.exe /ERRORREPORT:PROMPT /OUT:"G:\Util\setup\win\UtilSetup\Release\UtilSetup.exe" /INCREMENTAL:NO /NOLOGO kernel32.lib user32.lib gdi32.lib winspool.lib comdlg32.lib advapi32.lib shell32.lib ole32.lib oleaut32.lib uuid.lib odbc32.lib odbccp32.lib /MANIFEST /ManifestFile:"Release\UtilSetup.exe.intermediate.manifest" /MANIFESTUAC:"level='asInvoker' uiAccess='false'" /DEBUG /PDB:"G:\Util\setup\win\UtilSetup\Release\UtilSetup.pdb" /SUBSYSTEM:CONSOLE /OPT:REF /OPT:ICF /LTCG /TLBID:1 /DYNAMICBASE /NXCOMPAT /IMPLIB:"G:\Util\setup\win\UtilSetup\Release\UtilSetup.lib" /MACHINE:X86 Release\Arch.obj
         Release\ArchConsoleStd.obj
         Release\WinProc.obj
         Release\IDataSocket.obj
         Release\NetworkAddress.obj
         Release\NetAddressImpl.obj
         Release\NetWorkWin.obj
         Generating code
         Finished generating code
         UtilSetup.vcxproj -> G:\Util\setup\win\UtilSetup\Release\UtilSetup.exe
       Manifest:
         C:\Program Files (x86)\Microsoft SDKs\Windows\v7.0A\bin\mt.exe /nologo /verbose /outputresource:"G:\Util\setup\win\UtilSetup\Release\UtilSetup.exe;#1" /manifest Release\UtilSetup.exe.intermediate.manifest
       FinalizeBuildStatus:
         Deleting file "Release\UtilSetup.unsuccessfulbuild".
         Touching "Release\UtilSetup.lastbuildstate".
     1>Done Building Project "G:\Util\setup\win\UtilSetup\UtilSetup\UtilSetup.vcxproj" (build target(s)).

Build succeeded.

Time Elapsed 00:00:02.57
