G:\UTIL\SETUP\WIN\UTILSETUP\RELEASE\UTILSETUP.EXE
G:\UTIL\SETUP\WIN\UTILSETUP\RELEASE\UTILSETUP.PDB
G:\UTIL\SETUP\WIN\UTILSETUP\UTILSETUP\RELEASE\ARCH.OBJ
G:\Util\setup\win\UtilSetup\UtilSetup\Release\cl.command.1.tlog
G:\Util\setup\win\UtilSetup\UtilSetup\Release\CL.read.1.tlog
G:\Util\setup\win\UtilSetup\UtilSetup\Release\CL.write.1.tlog
G:\UTIL\SETUP\WIN\UTILSETUP\UTILSETUP\RELEASE\IDATASOCKET.OBJ
G:\UTIL\SETUP\WIN\UTILSETUP\UTILSETUP\RELEASE\INETADDRESS.OBJ
G:\Util\setup\win\UtilSetup\UtilSetup\Release\link.command.1.tlog
G:\Util\setup\win\UtilSetup\UtilSetup\Release\link.read.1.tlog
G:\Util\setup\win\UtilSetup\UtilSetup\Release\link.write.1.tlog
G:\Util\setup\win\UtilSetup\UtilSetup\Release\mt.command.1.tlog
G:\Util\setup\win\UtilSetup\UtilSetup\Release\mt.read.1.tlog
G:\Util\setup\win\UtilSetup\UtilSetup\Release\mt.write.1.tlog
G:\UTIL\SETUP\WIN\UTILSETUP\UTILSETUP\RELEASE\NETADDRESSIMPL.OBJ
G:\UTIL\SETUP\WIN\UTILSETUP\UTILSETUP\RELEASE\NETADDRESSWIN.OBJ
G:\UTIL\SETUP\WIN\UTILSETUP\UTILSETUP\RELEASE\NETWORKADDRESS.OBJ
G:\UTIL\SETUP\WIN\UTILSETUP\UTILSETUP\RELEASE\NETWORKWINSOCK.OBJ
G:\UTIL\SETUP\WIN\UTILSETUP\UTILSETUP\RELEASE\UTILSETUP.EXE.INTERMEDIATE.MANIFEST
G:\Util\setup\win\UtilSetup\UtilSetup\Release\UtilSetup.vcxprojResolveAssemblyReference.cache
G:\Util\setup\win\UtilSetup\UtilSetup\Release\UtilSetup.write.1.tlog
G:\Util\setup\win\UtilSetup\UtilSetup\Release\vc100.pdb
G:\UTIL\SETUP\WIN\UTILSETUP\UTILSETUP\RELEASE\WINPROC.OBJ
